<?xml version="1.0" encoding="UTF-8"?>
<!-- Generated by org.testng.reporters.JUnitReportReporter -->
<testsuite hostname="LTIN591070" failures="0" tests="1" name="tests.CommercialInsuranceTest" time="5.107" errors="0" timestamp="2025-10-17T13:46:23 IST" skipped="0">
  <testcase classname="tests.CommercialInsuranceTest" name="testCarInsuranceSearch" time="5.107"/>
</testsuite> <!-- tests.CommercialInsuranceTest -->
