<?xml version="1.0" encoding="UTF-8"?>
<!-- Generated by org.testng.reporters.JUnitReportReporter -->
<testsuite hostname="LTIN591070" failures="0" tests="1" name="tests.TravelInsuranceTest" time="21.624" errors="0" timestamp="2025-10-21T09:12:30 IST" skipped="0">
  <testcase classname="tests.TravelInsuranceTest" name="testTravelInsurancePlans" time="21.624"/>
</testsuite> <!-- tests.TravelInsuranceTest -->
