<?xml version="1.0" encoding="UTF-8"?>
<!-- Generated by org.testng.reporters.JUnitReportReporter -->
<testsuite hostname="LTIN591070" failures="0" tests="1" name="tests.HealthInsuranceTest" time="13.036" errors="0" timestamp="2025-10-21T08:58:40 IST" skipped="0">
  <testcase classname="tests.HealthInsuranceTest" name="testHealthInsuranceSearch" time="13.036"/>
</testsuite> <!-- tests.HealthInsuranceTest -->
