<?xml version="1.0" encoding="UTF-8"?>
<!-- Generated by org.testng.reporters.JUnitReportReporter -->
<testsuite hostname="LTIN591070" failures="0" tests="1" name="tests.HealthInsuranceTest" time="11.829" errors="0" timestamp="2025-10-17T13:46:23 IST" skipped="0">
  <testcase classname="tests.HealthInsuranceTest" name="testHealthInsuranceSearch" time="11.829"/>
</testsuite> <!-- tests.HealthInsuranceTest -->
